<?xml version="1.0" encoding="UTF-8"?>
<!-- Generated by org.testng.reporters.JUnitReportReporter -->
<testsuite skipped="0" hostname="DESKTOP-Q2CF6PV" name="com.qa.gorest.tests.UploadImagePostImgur" tests="1" failures="0" timestamp="19 Dec 2021 14:08:01 GMT" time="7.824" errors="0">
  <testcase name="uploadImageTest" time="7.824" classname="com.qa.gorest.tests.UploadImagePostImgur"/>
</testsuite> <!-- com.qa.gorest.tests.UploadImagePostImgur -->
