<?xml version="1.0" encoding="UTF-8"?>
<!-- Generated by org.testng.reporters.JUnitReportReporter -->
<testsuite skipped="0" hostname="DESKTOP-Q2CF6PV" name="com.qa.gorest.tests.DeleteUserTest" tests="1" failures="0" timestamp="23 Dec 2021 04:30:28 GMT" time="3.588" errors="0">
  <testcase name="deleteUser" time="3.588" classname="com.qa.gorest.tests.DeleteUserTest"/>
</testsuite> <!-- com.qa.gorest.tests.DeleteUserTest -->
