<?xml version="1.0" encoding="UTF-8"?>
<!-- Generated by org.testng.reporters.JUnitReportReporter -->
<testsuite skipped="0" hostname="DESKTOP-Q2CF6PV" name="com.qa.gorest.tests.UpdateUserTest" tests="2" failures="0" timestamp="23 Dec 2021 02:17:35 GMT" time="0.797" errors="0">
  <testcase name="doUpdateUser" time="0.422" classname="com.qa.gorest.tests.UpdateUserTest"/>
  <testcase name="getResponseforuser" time="0.375" classname="com.qa.gorest.tests.UpdateUserTest"/>
</testsuite> <!-- com.qa.gorest.tests.UpdateUserTest -->
