<?xml version="1.0" encoding="UTF-8"?>
<!-- Generated by org.testng.reporters.JUnitReportReporter -->
<testsuite skipped="0" hostname="DESKTOP-Q2CF6PV" name="com.qa.gorest.tests.getRequestsImgur" tests="1" failures="0" timestamp="19 Dec 2021 07:39:40 GMT" time="5.363" errors="0">
  <testcase name="getBlockedAccountStatus" time="5.363" classname="com.qa.gorest.tests.getRequestsImgur"/>
</testsuite> <!-- com.qa.gorest.tests.getRequestsImgur -->
