<?xml version="1.0" encoding="UTF-8"?>
<!-- Generated by org.testng.reporters.JUnitReportReporter -->
<testsuite skipped="0" hostname="DESKTOP-Q2CF6PV" name="com.qa.gorest.tests.GetUserDetailsTest" tests="1" failures="0" timestamp="20 Dec 2021 16:47:57 GMT" time="3.178" errors="0">
  <testcase name="getAllUserData" time="3.178" classname="com.qa.gorest.tests.GetUserDetailsTest"/>
</testsuite> <!-- com.qa.gorest.tests.GetUserDetailsTest -->
