<?xml version="1.0" encoding="UTF-8"?>
<!-- Generated by org.testng.reporters.JUnitReportReporter -->
<testsuite skipped="0" hostname="DESKTOP-Q2CF6PV" name="com.qa.gorest.tests.CreateBookingRestFulBookerTest" tests="1" failures="0" timestamp="19 Dec 2021 16:35:12 GMT" time="5.248" errors="0">
  <testcase name="createBooking" time="5.248" classname="com.qa.gorest.tests.CreateBookingRestFulBookerTest"/>
</testsuite> <!-- com.qa.gorest.tests.CreateBookingRestFulBookerTest -->
