<?xml version="1.0" encoding="UTF-8"?>
<!-- Generated by org.testng.reporters.JUnitReportReporter -->
<testsuite skipped="1" hostname="DESKTOP-Q2CF6PV" name="com.qa.gorest.tests.CreateUserTest" tests="3" failures="0" timestamp="23 Dec 2021 03:46:55 GMT" time="3.303" errors="0">
  <testcase name="getUserDetails" time="0.428" classname="com.qa.gorest.tests.CreateUserTest"/>
  <testcase name="createUser" time="2.875" classname="com.qa.gorest.tests.CreateUserTest"/>
  <testcase name="createMultipleUserUsingExcel" classname="com.qa.gorest.tests.CreateUserTest">
    <skipped/>
  </testcase> <!-- createMultipleUserUsingExcel -->
</testsuite> <!-- com.qa.gorest.tests.CreateUserTest -->
